0 info it worked if it ends with ok
1 verbose cli [ 'D:\\software\\node-v6.12.2-win-x64\\node.exe',
1 verbose cli   'D:\\software\\node-v6.12.2-win-x64\\node_modules\\npm\\bin\\npm-cli.js',
1 verbose cli   'run',
1 verbose cli   'dev' ]
2 info using npm@3.10.10
3 info using node@v6.12.2
4 verbose run-script [ 'predev', 'dev', 'postdev' ]
5 info lifecycle client@1.0.0~predev: client@1.0.0
6 silly lifecycle client@1.0.0~predev: no script for predev, continuing
7 info lifecycle client@1.0.0~dev: client@1.0.0
8 verbose lifecycle client@1.0.0~dev: unsafe-perm in lifecycle true
9 verbose lifecycle client@1.0.0~dev: PATH: D:\software\node-v6.12.2-win-x64\node_modules\npm\bin\node-gyp-bin;D:\git_code\points\client\node_modules\.bin;D:\software\Oracle\product\11.2.0\dbhome_1\bin;D:\software\jdk1.8.0_101/bin;C:\ProgramData\Oracle\Java\javapath;C:\Windows\system32;C:\Windows;C:\Windows\System32\Wbem;C:\Windows\System32\WindowsPowerShell\v1.0\;Z:\IRIS2-CP\PROD\BIN;D:\software\git_extension\;D:\software\jdk1.8.0_101\bin;D:\software\jdk1.8.0_101\jre\bin;D:\software\jdk1.8.0_101\lib;D:\software\jdk1.8.0_101\lib\dt.jar;D:\software\jdk1.8.0_101\lib\tools.jar;C:\Oracle\Middleware\apache-maven-3.0.4\bin;D:\software\jdk1.8.0_101/bin;D:\software\apache-tomcat-7.0.73\lib;D:\software\apache-tomcat-7.0.73\bin;D:\software\cmder;D:\software\cf_cli\Cloud Foundry;C:\Program Files\Microsoft SQL Server\130\Tools\Binn\;C:\Program Files\dotnet\;D:\software\git\Git\cmd;D:\software\wkhtmltopdf\bin;C:\Program Files (x86)\Skype\Phone\;D:\software\sublime\Sublime Text 3;D:\software\ant171\bin;D:\software\python\Python35;D:\software\python\Python35\Scripts;D:\software\node-v6.12.2-win-x64\;D:\software\Anaconda3\Scripts;D:\software\utPLSQL-cli\bin;D:\software\utPLSQL-cli\lib;D:\software\Oracle\product\11.2.0\dbhome_1;C:\Users\LINLA5\AppData\Roaming\npm;D:\software\Microsoft VS Code\bin
10 verbose lifecycle client@1.0.0~dev: CWD: D:\git_code\points\client
11 silly lifecycle client@1.0.0~dev: Args: [ '/d /s /c', 'webpack-dev-server --open --hot' ]
12 silly lifecycle client@1.0.0~dev: Returned: code: 3221225786  signal: null
13 info lifecycle client@1.0.0~dev: Failed to exec dev script
14 verbose stack Error: client@1.0.0 dev: `webpack-dev-server --open --hot`
14 verbose stack Exit status 3221225786
14 verbose stack     at EventEmitter.<anonymous> (D:\software\node-v6.12.2-win-x64\node_modules\npm\lib\utils\lifecycle.js:255:16)
14 verbose stack     at emitTwo (events.js:106:13)
14 verbose stack     at EventEmitter.emit (events.js:191:7)
14 verbose stack     at ChildProcess.<anonymous> (D:\software\node-v6.12.2-win-x64\node_modules\npm\lib\utils\spawn.js:40:14)
14 verbose stack     at emitTwo (events.js:106:13)
14 verbose stack     at ChildProcess.emit (events.js:191:7)
14 verbose stack     at maybeClose (internal/child_process.js:920:16)
14 verbose stack     at Process.ChildProcess._handle.onexit (internal/child_process.js:230:5)
15 verbose pkgid client@1.0.0
16 verbose cwd D:\git_code\points\client
17 error Windows_NT 6.1.7601
18 error argv "D:\\software\\node-v6.12.2-win-x64\\node.exe" "D:\\software\\node-v6.12.2-win-x64\\node_modules\\npm\\bin\\npm-cli.js" "run" "dev"
19 error node v6.12.2
20 error npm  v3.10.10
21 error code ELIFECYCLE
22 error client@1.0.0 dev: `webpack-dev-server --open --hot`
22 error Exit status 3221225786
23 error Failed at the client@1.0.0 dev script 'webpack-dev-server --open --hot'.
23 error Make sure you have the latest version of node.js and npm installed.
23 error If you do, this is most likely a problem with the client package,
23 error not with npm itself.
23 error Tell the author that this fails on your system:
23 error     webpack-dev-server --open --hot
23 error You can get information on how to open an issue for this project with:
23 error     npm bugs client
23 error Or if that isn't available, you can get their info via:
23 error     npm owner ls client
23 error There is likely additional logging output above.
24 verbose exit [ 1, true ]
